<?xml version="1.0" encoding="UTF-8"?>
<!-- Generated by org.testng.reporters.JUnitReportReporter -->
<testsuite hostname="GWTN156-9" failures="0" tests="1" name="tests_dataTables.Class2_DataTable" time="5.235" errors="0" timestamp="2024-01-02T20:34:08 MST" skipped="0">
  <testcase classname="tests_dataTables.Class2_DataTable" name="class2_DataTable" time="5.235"/>
</testsuite> <!-- tests_dataTables.Class2_DataTable -->
