<?xml version="1.0" encoding="UTF-8"?>
<!-- Generated by org.testng.reporters.JUnitReportReporter -->
<testsuite hostname="GWTN156-9" failures="0" tests="1" name="tests_michroTech_DataProvider.Test_Employee_Login" time="3.516" errors="0" timestamp="2024-01-02T20:34:08 MST" skipped="1">
  <testcase classname="tests_michroTech_DataProvider.Test_Employee_Login" name="test_Employee_Login" time="3.516">
    <skipped/>
  </testcase> <!-- test_Employee_Login -->
</testsuite> <!-- tests_michroTech_DataProvider.Test_Employee_Login -->
