<?xml version="1.0" encoding="UTF-8"?>
<!-- Generated by org.testng.reporters.JUnitReportReporter -->
<testsuite hostname="GWTN156-9" failures="0" tests="1" name="tests_michroTech_DataProvider.Test_Create_Order" time="9.305" errors="0" timestamp="2024-01-02T20:34:08 MST" skipped="0">
  <testcase classname="tests_michroTech_DataProvider.Test_Create_Order" name="test_Create_Order" time="9.305"/>
</testsuite> <!-- tests_michroTech_DataProvider.Test_Create_Order -->
