<?xml version="1.0" encoding="UTF-8"?>
<!-- Generated by org.testng.reporters.JUnitReportReporter -->
<testsuite hostname="GWTN156-9" failures="0" tests="2" name="tests_michroTech_Parameter_DataProvider.copy.homePage_data_Provider2" time="0.002" errors="0" timestamp="2024-01-02T20:34:08 MST" skipped="0">
  <testcase classname="tests_michroTech_Parameter_DataProvider.copy.homePage_data_Provider2" name="receiveData" time="0.001"/>
  <testcase classname="tests_michroTech_Parameter_DataProvider.copy.homePage_data_Provider2" name="receiveData" time="0.001"/>
</testsuite> <!-- tests_michroTech_Parameter_DataProvider.copy.homePage_data_Provider2 -->
