<?xml version="1.0" encoding="UTF-8"?>
<!-- Generated by org.testng.reporters.JUnitReportReporter -->
<testsuite hostname="GWTN156-9" failures="0" tests="1" name="tests_michroTech_Parameter_DataProvider.copy.Test_Customer_Login" time="5.586" errors="0" timestamp="2024-01-02T20:34:08 MST" skipped="0">
  <testcase classname="tests_michroTech_Parameter_DataProvider.copy.Test_Customer_Login" name="test_Customer_Login" time="5.586"/>
</testsuite> <!-- tests_michroTech_Parameter_DataProvider.copy.Test_Customer_Login -->
